TN:
SF:C:\Users\33324\Desktop\FlyUi\src\icon.vue
FNF:0
FNH:0
LF:0
LH:0
BRF:0
BRH:0
end_of_record
TN:
SF:C:\Users\33324\Desktop\FlyUi\src\button.vue
FN:30,(anonymous_0)
FNF:1
FNH:1
FNDA:2,(anonymous_0)
DA:31,2
DA:32,2
DA:34,0
LF:3
LH:2
BRDA:31,0,0,2
BRDA:31,0,1,0
BRDA:31,1,0,2
BRDA:31,1,1,0
BRF:4
BRH:2
end_of_record
TN:
SF:C:\Users\33324\Desktop\FlyUi\tests\unit\button.spec.js
FN:9,(anonymous_0)
FN:11,(anonymous_1)
FN:15,(anonymous_2)
FN:29,(anonymous_3)
FNF:4
FNH:4
FNDA:1,(anonymous_0)
FNDA:1,(anonymous_1)
FNDA:1,(anonymous_2)
FNDA:1,(anonymous_3)
DA:6,1
DA:7,1
DA:9,1
DA:11,1
DA:12,1
DA:15,1
DA:16,1
DA:17,1
DA:22,1
DA:23,1
DA:24,1
DA:25,1
DA:26,1
DA:27,1
DA:29,1
DA:30,1
DA:31,1
DA:36,1
DA:37,1
DA:38,1
DA:39,1
DA:40,1
DA:41,1
LF:23
LH:23
BRF:0
BRH:0
end_of_record
